  stdafx.cpp
C:\Users\philip\Downloads\ModHub_Base_V1\Source\Hooking.h(5,95): warning C4229: anachronism used: modifiers on data are ignored
C:\Users\philip\Downloads\ModHub_Base_V1\Source\Hooking.h(51,29): warning C4244: '=': conversion from 'uintptr_t' to 'DWORD', possible loss of data
C:\Users\philip\Downloads\ModHub_Base_V1\Source\Hooking.h(61,51): warning C4244: 'return': conversion from 'uintptr_t' to 'uint32_t', possible loss of data
C:\Users\philip\Downloads\ModHub_Base_V1\Source\Hooking.h(74,33): warning C4244: '=': conversion from 'uintptr_t' to 'DWORD', possible loss of data
C:\Users\philip\Downloads\ModHub_Base_V1\Source\GUI.h(23,21): warning C4091: 'extern ': ignored on left of 'SubMenus' when no variable is declared
C:\Users\philip\Downloads\ModHub_Base_V1\Source\GUI.h(32,2): warning C4091: 'typedef ': ignored on left of 'VECTOR2' when no variable is declared
C:\Users\philip\Downloads\ModHub_Base_V1\Source\GUI.h(35,2): warning C4091: 'typedef ': ignored on left of 'VECTOR2_2' when no variable is declared
C:\Users\philip\Downloads\ModHub_Base_V1\Source\GUI.h(38,2): warning C4091: 'typedef ': ignored on left of 'RGBAF' when no variable is declared
C:\Users\philip\Downloads\ModHub_Base_V1\Source\GUI.h(41,2): warning C4091: 'typedef ': ignored on left of 'RGBA' when no variable is declared
C:\Users\philip\Downloads\ModHub_Base_V1\Source\GUI.h(44,2): warning C4091: 'typedef ': ignored on left of 'RGB' when no variable is declared
  CrossMapping.cpp
  Functions.cpp
C:\Users\philip\Downloads\ModHub_Base_V1\Source\Functions.cpp(55,13): warning C4244: 'return': conversion from 'double' to 'int', possible loss of data
  Hooking.cpp
  InputHook.cpp
  keyboard.cpp
  Log.cpp
  Memory.cpp
  GUI.cpp
C:\Users\philip\Downloads\ModHub_Base_V1\Source\GUI.cpp(565,54): warning C4018: '>': signed/unsigned mismatch
C:\Users\philip\Downloads\ModHub_Base_V1\Source\GUI.cpp(566,55): warning C4018: '>': signed/unsigned mismatch
C:\Users\philip\Downloads\ModHub_Base_V1\Source\GUI.cpp(567,56): warning C4018: '>': signed/unsigned mismatch
  NativeInvoker.cpp
  Menu.cpp
  Generating Code...
  dllmain.cpp
C:\Users\philip\Downloads\ModHub_Base_V1\Source\Hooking.h(5,95): warning C4229: anachronism used: modifiers on data are ignored
C:\Users\philip\Downloads\ModHub_Base_V1\Source\Hooking.h(51,29): warning C4244: '=': conversion from 'uintptr_t' to 'DWORD', possible loss of data
C:\Users\philip\Downloads\ModHub_Base_V1\Source\Hooking.h(61,51): warning C4244: 'return': conversion from 'uintptr_t' to 'uint32_t', possible loss of data
C:\Users\philip\Downloads\ModHub_Base_V1\Source\Hooking.h(74,33): warning C4244: '=': conversion from 'uintptr_t' to 'DWORD', possible loss of data
C:\Users\philip\Downloads\ModHub_Base_V1\Source\GUI.h(23,21): warning C4091: 'extern ': ignored on left of 'SubMenus' when no variable is declared
C:\Users\philip\Downloads\ModHub_Base_V1\Source\GUI.h(32,2): warning C4091: 'typedef ': ignored on left of 'VECTOR2' when no variable is declared
C:\Users\philip\Downloads\ModHub_Base_V1\Source\GUI.h(35,2): warning C4091: 'typedef ': ignored on left of 'VECTOR2_2' when no variable is declared
C:\Users\philip\Downloads\ModHub_Base_V1\Source\GUI.h(38,2): warning C4091: 'typedef ': ignored on left of 'RGBAF' when no variable is declared
C:\Users\philip\Downloads\ModHub_Base_V1\Source\GUI.h(41,2): warning C4091: 'typedef ': ignored on left of 'RGBA' when no variable is declared
C:\Users\philip\Downloads\ModHub_Base_V1\Source\GUI.h(44,2): warning C4091: 'typedef ': ignored on left of 'RGB' when no variable is declared
  SudoMod.vcxproj -> C:\Users\philip\Downloads\ModHub_Base_V1\Build\Debug\ModHub_Base_V1.dll
